Started GET "/?allowEmbedForCodecademy=false&allowCopyAndPasteForCodecademy=true&allowFileUploadForCodecademy=true&allowFileDownloadForCodecademy=true&allowExternalLinkForCodecademy=true&allowAICodeExplainForCodecademy=true&allowAIChatAssistantForCodecademy=true&allowAIErrorExplainForCodecademy=true" for 2600:8801:c815:ee00:a8a6:b0a9:7e3d:4739 at 2025-11-01 23:02:53 +0000
Cannot render console from 10.20.11.52! Allowed networks: 127.0.0.0/127.255.255.255, ::1
  [1m[35m (1.2ms)[0m  [1m[34mSELECT sqlite_version(*)[0m
Processing by PagesController#home as HTML
  Parameters: {"allowEmbedForCodecademy"=>"false", "allowCopyAndPasteForCodecademy"=>"true", "allowFileUploadForCodecademy"=>"true", "allowFileDownloadForCodecademy"=>"true", "allowExternalLinkForCodecademy"=>"true", "allowAICodeExplainForCodecademy"=>"true", "allowAIChatAssistantForCodecademy"=>"true", "allowAIErrorExplainForCodecademy"=>"true"}
  Rendering layout layouts/application.html.erb
  Rendering pages/home.html.erb within layouts/application
  Rendered pages/home.html.erb within layouts/application (Duration: 1.3ms | Allocations: 642)
  Rendered layout layouts/application.html.erb (Duration: 260.0ms | Allocations: 97473)
Completed 500 Internal Server Error in 272ms (ActiveRecord: 0.0ms | Allocations: 103816)


  
ActionView::Template::Error (Asset `application.js` was not declared to be precompiled in production.
Declare links to your assets in `app/assets/config/manifest.js`.

  //= link application.js

and restart your server):
    40:     </div>
    41: 
    42:     <!-- JS include goes here -->
    43:     <%= javascript_include_tag "application", "data-turbolinks-track": "reload" %>
    44:     </body>
    45: </html>
  
app/views/layouts/application.html.erb:43
Started GET "/?allowEmbedForCodecademy=false&allowCopyAndPasteForCodecademy=true&allowFileUploadForCodecademy=true&allowFileDownloadForCodecademy=true&allowExternalLinkForCodecademy=true&allowAICodeExplainForCodecademy=true&allowAIChatAssistantForCodecademy=true&allowAIErrorExplainForCodecademy=true" for 2600:8801:c815:ee00:a8a6:b0a9:7e3d:4739 at 2025-11-01 23:04:12 +0000
Cannot render console from 10.20.12.172! Allowed networks: 127.0.0.0/127.255.255.255, ::1
Processing by PagesController#home as HTML
  Parameters: {"allowEmbedForCodecademy"=>"false", "allowCopyAndPasteForCodecademy"=>"true", "allowFileUploadForCodecademy"=>"true", "allowFileDownloadForCodecademy"=>"true", "allowExternalLinkForCodecademy"=>"true", "allowAICodeExplainForCodecademy"=>"true", "allowAIChatAssistantForCodecademy"=>"true", "allowAIErrorExplainForCodecademy"=>"true"}
  Rendering layout layouts/application.html.erb
  Rendering pages/home.html.erb within layouts/application
  Rendered pages/home.html.erb within layouts/application (Duration: 0.1ms | Allocations: 24)
  Rendered layout layouts/application.html.erb (Duration: 4.9ms | Allocations: 5342)
Completed 500 Internal Server Error in 6ms (ActiveRecord: 0.0ms | Allocations: 5622)


  
ActionView::Template::Error (couldn't find file 'turbolinks' with type 'application/javascript'
Checked in these paths: 
  /home/ccuser/workspace/learn-rails_stories/stories/app/assets/config
  /home/ccuser/workspace/learn-rails_stories/stories/app/assets/images
  /home/ccuser/workspace/learn-rails_stories/stories/app/assets/javascripts
  /home/ccuser/workspace/learn-rails_stories/stories/app/assets/stylesheets
  /home/ccuser/.gem/ruby/3.0.0/gems/stimulus-rails-1.0.2/app/assets/javascripts
  /home/ccuser/.gem/ruby/3.0.0/gems/turbo-rails-1.0.0/app/assets/javascripts
  /home/ccuser/.gem/ruby/3.0.0/gems/importmap-rails-1.0.1/app/assets/javascripts
  /home/ccuser/.gem/ruby/3.0.0/gems/actioncable-7.0.0/app/assets/javascripts
  /home/ccuser/.gem/ruby/3.0.0/gems/actiontext-7.0.0/app/assets/javascripts
  /home/ccuser/.gem/ruby/3.0.0/gems/actiontext-7.0.0/app/assets/stylesheets
  /home/ccuser/.gem/ruby/3.0.0/gems/activestorage-7.0.0/app/assets/javascripts
  /home/ccuser/.gem/ruby/3.0.0/gems/actionview-7.0.0/lib/assets/compiled
  /home/ccuser/workspace/learn-rails_stories/stories/app/javascript
  /home/ccuser/workspace/learn-rails_stories/stories/vendor/javascript):
    40:     </div>
    41: 
    42:     <!-- JS include goes here -->
    43:     <%= javascript_include_tag "application", "data-turbolinks-track": "reload" %>
    44:     </body>
    45: </html>
  
app/assets/javascripts/application.js:5
app/views/layouts/application.html.erb:43
Started GET "/?allowEmbedForCodecademy=false&allowCopyAndPasteForCodecademy=true&allowFileUploadForCodecademy=true&allowFileDownloadForCodecademy=true&allowExternalLinkForCodecademy=true&allowAICodeExplainForCodecademy=true&allowAIChatAssistantForCodecademy=true&allowAIErrorExplainForCodecademy=true" for 2600:8801:c815:ee00:a8a6:b0a9:7e3d:4739 at 2025-11-01 23:05:46 +0000
Cannot render console from 10.20.10.151! Allowed networks: 127.0.0.0/127.255.255.255, ::1
Processing by PagesController#home as HTML
  Parameters: {"allowEmbedForCodecademy"=>"false", "allowCopyAndPasteForCodecademy"=>"true", "allowFileUploadForCodecademy"=>"true", "allowFileDownloadForCodecademy"=>"true", "allowExternalLinkForCodecademy"=>"true", "allowAICodeExplainForCodecademy"=>"true", "allowAIChatAssistantForCodecademy"=>"true", "allowAIErrorExplainForCodecademy"=>"true"}
  Rendering layout layouts/application.html.erb
  Rendering pages/home.html.erb within layouts/application
  Rendered pages/home.html.erb within layouts/application (Duration: 0.1ms | Allocations: 24)
  Rendered layout layouts/application.html.erb (Duration: 26.2ms | Allocations: 21021)
Completed 500 Internal Server Error in 27ms (ActiveRecord: 0.0ms | Allocations: 21297)


  
ActionView::Template::Error (Asset `application.js` was not declared to be precompiled in production.
Declare links to your assets in `app/assets/config/manifest.js`.

  //= link application.js

and restart your server):
    40:     </div>
    41: 
    42:     <!-- JS include goes here -->
    43:     <%= javascript_include_tag "application", "data-turbolinks-track": "reload" %>
    44:     </body>
    45: </html>
  
app/views/layouts/application.html.erb:43
Started GET "/?allowEmbedForCodecademy=false&allowCopyAndPasteForCodecademy=true&allowFileUploadForCodecademy=true&allowFileDownloadForCodecademy=true&allowExternalLinkForCodecademy=true&allowAICodeExplainForCodecademy=true&allowAIChatAssistantForCodecademy=true&allowAIErrorExplainForCodecademy=true" for 2600:8801:c815:ee00:a8a6:b0a9:7e3d:4739 at 2025-11-01 23:06:15 +0000
Cannot render console from 10.20.11.52! Allowed networks: 127.0.0.0/127.255.255.255, ::1
Processing by PagesController#home as HTML
  Parameters: {"allowEmbedForCodecademy"=>"false", "allowCopyAndPasteForCodecademy"=>"true", "allowFileUploadForCodecademy"=>"true", "allowFileDownloadForCodecademy"=>"true", "allowExternalLinkForCodecademy"=>"true", "allowAICodeExplainForCodecademy"=>"true", "allowAIChatAssistantForCodecademy"=>"true", "allowAIErrorExplainForCodecademy"=>"true"}
  Rendering layout layouts/application.html.erb
  Rendering pages/home.html.erb within layouts/application
  Rendered pages/home.html.erb within layouts/application (Duration: 0.1ms | Allocations: 24)
  Rendered layout layouts/application.html.erb (Duration: 29.7ms | Allocations: 23502)
Completed 500 Internal Server Error in 30ms (ActiveRecord: 0.0ms | Allocations: 23778)


  
ActionView::Template::Error (Asset `application.js` was not declared to be precompiled in production.
Declare links to your assets in `app/assets/config/manifest.js`.

  //= link application.js

and restart your server):
    40:     </div>
    41: 
    42:     <!-- JS include goes here -->
    43:     <%= javascript_include_tag "application", "data-turbolinks-track": "reload" %>
    44:     </body>
    45: </html>
  
app/views/layouts/application.html.erb:43
Started GET "/?allowEmbedForCodecademy=false&allowCopyAndPasteForCodecademy=true&allowFileUploadForCodecademy=true&allowFileDownloadForCodecademy=true&allowExternalLinkForCodecademy=true&allowAICodeExplainForCodecademy=true&allowAIChatAssistantForCodecademy=true&allowAIErrorExplainForCodecademy=true" for 2600:8801:c815:ee00:a8a6:b0a9:7e3d:4739 at 2025-11-01 23:06:36 +0000
Cannot render console from 10.20.10.49! Allowed networks: 127.0.0.0/127.255.255.255, ::1
Processing by PagesController#home as HTML
  Parameters: {"allowEmbedForCodecademy"=>"false", "allowCopyAndPasteForCodecademy"=>"true", "allowFileUploadForCodecademy"=>"true", "allowFileDownloadForCodecademy"=>"true", "allowExternalLinkForCodecademy"=>"true", "allowAICodeExplainForCodecademy"=>"true", "allowAIChatAssistantForCodecademy"=>"true", "allowAIErrorExplainForCodecademy"=>"true"}
  Rendering layout layouts/application.html.erb
  Rendering pages/home.html.erb within layouts/application
  Rendered pages/home.html.erb within layouts/application (Duration: 0.1ms | Allocations: 24)
  Rendered layout layouts/application.html.erb (Duration: 24.5ms | Allocations: 19948)
Completed 500 Internal Server Error in 25ms (ActiveRecord: 0.0ms | Allocations: 20224)


  
ActionView::Template::Error (Asset `application.js` was not declared to be precompiled in production.
Declare links to your assets in `app/assets/config/manifest.js`.

  //= link application.js

and restart your server):
    40:     </div>
    41: 
    42:     <!-- JS include goes here -->
    43:     <%= javascript_include_tag "application", "data-turbolinks-track": "reload" %>
    44:     </body>
    45: </html>
  
app/views/layouts/application.html.erb:43
Started GET "/?allowEmbedForCodecademy=false&allowCopyAndPasteForCodecademy=true&allowFileUploadForCodecademy=true&allowFileDownloadForCodecademy=true&allowExternalLinkForCodecademy=true&allowAICodeExplainForCodecademy=true&allowAIChatAssistantForCodecademy=true&allowAIErrorExplainForCodecademy=true" for 2600:8801:c815:ee00:a8a6:b0a9:7e3d:4739 at 2025-11-01 23:06:50 +0000
Cannot render console from 10.20.12.172! Allowed networks: 127.0.0.0/127.255.255.255, ::1
Processing by PagesController#home as HTML
  Parameters: {"allowEmbedForCodecademy"=>"false", "allowCopyAndPasteForCodecademy"=>"true", "allowFileUploadForCodecademy"=>"true", "allowFileDownloadForCodecademy"=>"true", "allowExternalLinkForCodecademy"=>"true", "allowAICodeExplainForCodecademy"=>"true", "allowAIChatAssistantForCodecademy"=>"true", "allowAIErrorExplainForCodecademy"=>"true"}
  Rendering layout layouts/application.html.erb
  Rendering pages/home.html.erb within layouts/application
  Rendered pages/home.html.erb within layouts/application (Duration: 0.1ms | Allocations: 24)
  Rendered layout layouts/application.html.erb (Duration: 28.0ms | Allocations: 21763)
Completed 200 OK in 29ms (Views: 28.5ms | ActiveRecord: 0.0ms | Allocations: 22100)


Started GET "/?allowEmbedForCodecademy=false&allowCopyAndPasteForCodecademy=true&allowFileUploadForCodecademy=true&allowFileDownloadForCodecademy=true&allowExternalLinkForCodecademy=true&allowAICodeExplainForCodecademy=true&allowAIChatAssistantForCodecademy=true&allowAIErrorExplainForCodecademy=true" for 2600:8801:c815:ee00:a8a6:b0a9:7e3d:4739 at 2025-11-01 23:12:00 +0000
Cannot render console from 10.20.12.172! Allowed networks: 127.0.0.0/127.255.255.255, ::1
Processing by PagesController#home as HTML
  Parameters: {"allowEmbedForCodecademy"=>"false", "allowCopyAndPasteForCodecademy"=>"true", "allowFileUploadForCodecademy"=>"true", "allowFileDownloadForCodecademy"=>"true", "allowExternalLinkForCodecademy"=>"true", "allowAICodeExplainForCodecademy"=>"true", "allowAIChatAssistantForCodecademy"=>"true", "allowAIErrorExplainForCodecademy"=>"true"}
  Rendering layout layouts/application.html.erb
  Rendering pages/home.html.erb within layouts/application
  Rendered pages/home.html.erb within layouts/application (Duration: 0.1ms | Allocations: 24)
  Rendered layout layouts/application.html.erb (Duration: 16.0ms | Allocations: 5942)
Completed 200 OK in 17ms (Views: 16.4ms | Allocations: 6246)


Started GET "/?allowEmbedForCodecademy=false&allowCopyAndPasteForCodecademy=true&allowFileUploadForCodecademy=true&allowFileDownloadForCodecademy=true&allowExternalLinkForCodecademy=true&allowAICodeExplainForCodecademy=true&allowAIChatAssistantForCodecademy=true&allowAIErrorExplainForCodecademy=true" for 2600:8801:c815:ee00:a8a6:b0a9:7e3d:4739 at 2025-11-01 23:16:42 +0000
Cannot render console from 10.20.12.172! Allowed networks: 127.0.0.0/127.255.255.255, ::1
  [1m[35m (1.1ms)[0m  [1m[34mSELECT sqlite_version(*)[0m
Processing by PagesController#home as HTML
  Parameters: {"allowEmbedForCodecademy"=>"false", "allowCopyAndPasteForCodecademy"=>"true", "allowFileUploadForCodecademy"=>"true", "allowFileDownloadForCodecademy"=>"true", "allowExternalLinkForCodecademy"=>"true", "allowAICodeExplainForCodecademy"=>"true", "allowAIChatAssistantForCodecademy"=>"true", "allowAIErrorExplainForCodecademy"=>"true"}
  Rendering layout layouts/application.html.erb
  Rendering pages/home.html.erb within layouts/application
  Rendered pages/home.html.erb within layouts/application (Duration: 3.5ms | Allocations: 538)
  Rendered layout layouts/application.html.erb (Duration: 61.0ms | Allocations: 29634)
Completed 200 OK in 68ms (Views: 63.1ms | ActiveRecord: 0.0ms | Allocations: 34877)


Started GET "/?allowEmbedForCodecademy=false&allowCopyAndPasteForCodecademy=true&allowFileUploadForCodecademy=true&allowFileDownloadForCodecademy=true&allowExternalLinkForCodecademy=true&allowAICodeExplainForCodecademy=true&allowAIChatAssistantForCodecademy=true&allowAIErrorExplainForCodecademy=true" for 2600:8801:c815:ee00:a8a6:b0a9:7e3d:4739 at 2025-11-01 23:18:06 +0000
Cannot render console from 10.20.12.172! Allowed networks: 127.0.0.0/127.255.255.255, ::1
Processing by PagesController#home as HTML
  Parameters: {"allowEmbedForCodecademy"=>"false", "allowCopyAndPasteForCodecademy"=>"true", "allowFileUploadForCodecademy"=>"true", "allowFileDownloadForCodecademy"=>"true", "allowExternalLinkForCodecademy"=>"true", "allowAICodeExplainForCodecademy"=>"true", "allowAIChatAssistantForCodecademy"=>"true", "allowAIErrorExplainForCodecademy"=>"true"}
  Rendering layout layouts/application.html.erb
  Rendering pages/home.html.erb within layouts/application
  Rendered pages/home.html.erb within layouts/application (Duration: 0.1ms | Allocations: 24)
  Rendered layout layouts/application.html.erb (Duration: 22.4ms | Allocations: 6116)
Completed 200 OK in 23ms (Views: 22.9ms | ActiveRecord: 0.0ms | Allocations: 6429)


Started GET "/?allowEmbedForCodecademy=false&allowCopyAndPasteForCodecademy=true&allowFileUploadForCodecademy=true&allowFileDownloadForCodecademy=true&allowExternalLinkForCodecademy=true&allowAICodeExplainForCodecademy=true&allowAIChatAssistantForCodecademy=true&allowAIErrorExplainForCodecademy=true" for 2600:8801:c815:ee00:a8a6:b0a9:7e3d:4739 at 2025-11-01 23:18:29 +0000
Cannot render console from 10.20.11.250! Allowed networks: 127.0.0.0/127.255.255.255, ::1
Processing by PagesController#home as HTML
  Parameters: {"allowEmbedForCodecademy"=>"false", "allowCopyAndPasteForCodecademy"=>"true", "allowFileUploadForCodecademy"=>"true", "allowFileDownloadForCodecademy"=>"true", "allowExternalLinkForCodecademy"=>"true", "allowAICodeExplainForCodecademy"=>"true", "allowAIChatAssistantForCodecademy"=>"true", "allowAIErrorExplainForCodecademy"=>"true"}
  Rendering layout layouts/application.html.erb
  Rendering pages/home.html.erb within layouts/application
  Rendered pages/home.html.erb within layouts/application (Duration: 0.1ms | Allocations: 24)
  Rendered layout layouts/application.html.erb (Duration: 2.6ms | Allocations: 2047)
Completed 200 OK in 3ms (Views: 3.0ms | ActiveRecord: 0.0ms | Allocations: 2358)


Started GET "/?allowEmbedForCodecademy=false&allowCopyAndPasteForCodecademy=true&allowFileUploadForCodecademy=true&allowFileDownloadForCodecademy=true&allowExternalLinkForCodecademy=true&allowAICodeExplainForCodecademy=true&allowAIChatAssistantForCodecademy=true&allowAIErrorExplainForCodecademy=true" for 2600:8801:c815:ee00:a8a6:b0a9:7e3d:4739 at 2025-11-01 23:19:07 +0000
Cannot render console from 10.20.10.49! Allowed networks: 127.0.0.0/127.255.255.255, ::1
Processing by PagesController#home as HTML
  Parameters: {"allowEmbedForCodecademy"=>"false", "allowCopyAndPasteForCodecademy"=>"true", "allowFileUploadForCodecademy"=>"true", "allowFileDownloadForCodecademy"=>"true", "allowExternalLinkForCodecademy"=>"true", "allowAICodeExplainForCodecademy"=>"true", "allowAIChatAssistantForCodecademy"=>"true", "allowAIErrorExplainForCodecademy"=>"true"}
  Rendering layout layouts/application.html.erb
  Rendering pages/home.html.erb within layouts/application
  Rendered pages/home.html.erb within layouts/application (Duration: 0.1ms | Allocations: 24)
  Rendered layout layouts/application.html.erb (Duration: 2.3ms | Allocations: 2014)
Completed 200 OK in 3ms (Views: 2.7ms | ActiveRecord: 0.0ms | Allocations: 2321)


Started GET "/?allowEmbedForCodecademy=false&allowCopyAndPasteForCodecademy=true&allowFileUploadForCodecademy=true&allowFileDownloadForCodecademy=true&allowExternalLinkForCodecademy=true&allowAICodeExplainForCodecademy=true&allowAIChatAssistantForCodecademy=true&allowAIErrorExplainForCodecademy=true" for 2600:8801:c815:ee00:a8a6:b0a9:7e3d:4739 at 2025-11-01 23:19:55 +0000
Cannot render console from 10.20.10.151! Allowed networks: 127.0.0.0/127.255.255.255, ::1
Processing by PagesController#home as HTML
  Parameters: {"allowEmbedForCodecademy"=>"false", "allowCopyAndPasteForCodecademy"=>"true", "allowFileUploadForCodecademy"=>"true", "allowFileDownloadForCodecademy"=>"true", "allowExternalLinkForCodecademy"=>"true", "allowAICodeExplainForCodecademy"=>"true", "allowAIChatAssistantForCodecademy"=>"true", "allowAIErrorExplainForCodecademy"=>"true"}
  Rendering layout layouts/application.html.erb
  Rendering pages/home.html.erb within layouts/application
  Rendered pages/home.html.erb within layouts/application (Duration: 0.1ms | Allocations: 24)
  Rendered layout layouts/application.html.erb (Duration: 2.4ms | Allocations: 2010)
Completed 200 OK in 3ms (Views: 2.8ms | ActiveRecord: 0.0ms | Allocations: 2317)


